C51 COMPILER V9.60.7.0   MAIN                                                              03/08/2025 21:24:20 PAGE 1   


C51 COMPILER V9.60.7.0, COMPILATION OF MODULE MAIN
OBJECT MODULE PLACED IN main.OBJ
COMPILER INVOKED BY: C:\Keil_v5\C51\BIN\C51.EXE main.c OPTIMIZE(7,SPEED) BROWSE INCDIR(..\Needle-Stop-V1;.\Library\Devic
                    -e\Include;.\Library\Startup\Keil;.\Library\StdDriver\inc;.\Library\StdDriver\src) DEBUG OBJECTEXTEND TABS(2)

line level    source

   1          /*--------------------------------------------------------------------------------------------------------
             --*/
   2          /*                                                                                                        
             - */
   3          /* SPDX-License-Identifier: Apache-2.0                                                                    
             - */
   4          /* Copyright(c) 2020 Nuvoton Technology Corp. All rights reserved.                                        
             - */
   5          /*                                                                                                        
             - */
   6          /*--------------------------------------------------------------------------------------------------------
             --*/
   7          
   8          
   9          //********************************************************************************************************
             -***
  10          //  File Function: MS51 GPIO toggle demo code
  11          //********************************************************************************************************
             -***
  12          #include "ms51_32k.h"
  13          
  14          // LED1 P1.3
  15          // LED2 P2.4
  16          // TOUCH1 P2.5
  17          // TOUCH2 P1.4
  18          // RELAY1 P3.3
  19          // RELAY2 P0.1
  20          // RELAY3 P0.0
  21          // RELAY4 P1.0
  22          // RST-BTN P1.5
  23          
  24          
  25          //----------------------------------------------------------------------------------------------//
  26          void main (void)
  27          {
  28   1      
  29   1        P25_INPUT_MODE;
  30   1        P14_INPUT_MODE;
  31   1        P15_INPUT_MODE;
  32   1        
  33   1        P13_PUSHPULL_MODE;
  34   1        P24_PUSHPULL_MODE;
  35   1        P33_PUSHPULL_MODE;
  36   1        P01_PUSHPULL_MODE;
  37   1        P00_PUSHPULL_MODE;
  38   1        P10_PUSHPULL_MODE;
  39   1        
  40   1        
  41   1        P33 = 0;
  42   1        P01 = 0;
  43   1        P00 = 0;
  44   1        P10 = 0;
  45   1        
  46   1        Timer0_Delay(16000000,200,100);;
C51 COMPILER V9.60.7.0   MAIN                                                              03/08/2025 21:24:20 PAGE 2   

  47   1        
  48   1        while(1)
  49   1        {
  50   2          
  51   2          P13 = P25;  //LED1 = TOUCH1
  52   2          P24 = P14;  //LED2 = TOUCH2
  53   2          
  54   2          
  55   2          if(P25 == 1){
  56   3            P33 = 1;  //RELAY1 on
  57   3            P00 = 1;  //RELAY3 on
  58   3          }
  59   2          
  60   2          if(P14 == 1){
  61   3            P01 = 1;  //RELAY2 on
  62   3            P00 = 1;  //RELAY3 on
  63   3          }
  64   2        
  65   2          if(P15 == 0){
  66   3            P33 = 0;  //RELAY1 off
  67   3            P01 = 0;  //RELAY2 off
  68   3            P00 = 0;  //RELAY3 off
  69   3          }
  70   2        }
  71   1      }
  72          
  73          
  74          


MODULE INFORMATION:   STATIC OVERLAYABLE
   CODE SIZE        =    136    ----
   CONSTANT SIZE    =   ----    ----
   XDATA SIZE       =   ----    ----
   PDATA SIZE       =   ----    ----
   DATA SIZE        =   ----    ----
   IDATA SIZE       =   ----    ----
   BIT SIZE         =   ----    ----
END OF MODULE INFORMATION.


C51 COMPILATION COMPLETE.  0 WARNING(S),  0 ERROR(S)
